
Showing logs for build [32mcb-kubecd-bdd-nh-1585156717-mas-f7qm5-1[0m stage [32mfrom-build-pack[0m and container [32mstep-credential-initializer-mfjwc[0m
{"level":"warn","ts":1585158747.8588307,"logger":"fallback-logger","caller":"logging/config.go:69","msg":"Fetch GitHub commit ID from kodata failed: \"ref: refs/heads/0.8.0-**-support-backwards-incompats\" is not a valid GitHub commit ID"}
{"level":"info","ts":1585158747.8591936,"logger":"fallback-logger","caller":"creds-init/main.go:40","msg":"Credentials initialized."}

Showing logs for build [32mcb-kubecd-bdd-nh-1585156717-mas-f7qm5-1[0m stage [32mfrom-build-pack[0m and container [32mstep-working-dir-initializer-zwkgd[0m
{"level":"warn","ts":1585158748.8818395,"logger":"fallback-logger","caller":"logging/config.go:69","msg":"Fetch GitHub commit ID from kodata failed: open /var/run/ko/HEAD: no such file or directory"}
{"level":"info","ts":1585158748.882658,"logger":"fallback-logger","caller":"bash/main.go:64","msg":"Successfully executed command \"sh -c mkdir -p /workspace/source\"; output "}

Showing logs for build [32mcb-kubecd-bdd-nh-1585156717-mas-f7qm5-1[0m stage [32mfrom-build-pack[0m and container [32mstep-place-tools[0m

Showing logs for build [32mcb-kubecd-bdd-nh-1585156717-mas-f7qm5-1[0m stage [32mfrom-build-pack[0m and container [32mstep-git-source-cb-kubecd-bdd-nh-1585156717-mas-f7qm5-92p42[0m
{"level":"warn","ts":1585158775.9645483,"logger":"fallback-logger","caller":"logging/config.go:69","msg":"Fetch GitHub commit ID from kodata failed: \"ref: refs/heads/0.8.0-**-support-backwards-incompats\" is not a valid GitHub commit ID"}
{"level":"info","ts":1585158776.146223,"logger":"fallback-logger","caller":"git/git.go:103","msg":"Successfully cloned https://github.com/cb-kubecd/bdd-nh-1585156717.git @ v0.0.1 in path /workspace/source"}

Showing logs for build [32mcb-kubecd-bdd-nh-1585156717-mas-f7qm5-1[0m stage [32mfrom-build-pack[0m and container [32mstep-git-merge[0m
Using SHAs from PULL_REFS=master:d9080a56a94006ce8748a208434c16a884bc518c
WARNING: no SHAs to merge, falling back to initial cloned commit

Showing logs for build [32mcb-kubecd-bdd-nh-1585156717-mas-f7qm5-1[0m stage [32mfrom-build-pack[0m and container [32mstep-setup-jx-git-credentials[0m
Generated Git credentials file /workspace/xdg_config/git/credentials

Showing logs for build [32mcb-kubecd-bdd-nh-1585156717-mas-f7qm5-1[0m stage [32mfrom-build-pack[0m and container [32mstep-build-npmrc[0m
Command "credential" is deprecated, it will be removed on Jun 1 2020.  This is replaced by Tekton's mounted secrets
WARNING: failed to find Secret npm-token in namespace **

Showing logs for build [32mcb-kubecd-bdd-nh-1585156717-mas-f7qm5-1[0m stage [32mfrom-build-pack[0m and container [32mstep-build-npm-install[0m
npm notice created a lockfile as package-lock.json. You should commit this file.
npm WARN REPLACE_ME@1.0.0 No repository field.
npm WARN REPLACE_ME@1.0.0 No license field.

up to date in 0.234s
found 0 vulnerabilities


Showing logs for build [32mcb-kubecd-bdd-nh-1585156717-mas-f7qm5-1[0m stage [32mfrom-build-pack[0m and container [32mstep-build-npm-test[0m

> REPLACE_ME@1.0.0 test /workspace/source
> echo "no test specified" && exit 0

no test specified

Showing logs for build [32mcb-kubecd-bdd-nh-1585156717-mas-f7qm5-1[0m stage [32mfrom-build-pack[0m and container [32mstep-build-container-build[0m
[36mINFO[0m[0000] Downloading base image node:9-slim           
2020/03/25 17:53:25 No matching credentials were found, falling back on anonymous
[36mINFO[0m[0000] Error while retrieving image from cache: getting file info: stat /workspace/sha256:0e0175bbe4f8d9d104590d8d2c591017874e30977cb71aaff1cf6fa99479575c: no such file or directory 
[36mINFO[0m[0000] Downloading base image node:9-slim           
2020/03/25 17:53:25 No matching credentials were found, falling back on anonymous
[36mINFO[0m[0000] Executing 0 build triggers                   
[36mINFO[0m[0000] cmd: EXPOSE                                  
[36mINFO[0m[0000] Adding exposed port: 8080/tcp                
[36mINFO[0m[0000] Using files from context: [/workspace/source] 
[36mINFO[0m[0000] Skipping unpacking as no commands require it. 
[36mINFO[0m[0000] Taking snapshot of full filesystem...        
[36mINFO[0m[0000] ENV PORT 8080                                
[36mINFO[0m[0000] No files changed in this command, skipping snapshotting. 
[36mINFO[0m[0000] EXPOSE 8080                                  
[36mINFO[0m[0000] cmd: EXPOSE                                  
[36mINFO[0m[0000] Adding exposed port: 8080/tcp                
[36mINFO[0m[0000] No files changed in this command, skipping snapshotting. 
[36mINFO[0m[0000] WORKDIR /usr/src/app                         
[36mINFO[0m[0000] cmd: workdir                                 
[36mINFO[0m[0000] Changed working directory to /usr/src/app    
[36mINFO[0m[0000] Creating directory /usr/src/app              
[36mINFO[0m[0000] Taking snapshot of files...                  
[36mINFO[0m[0000] Using files from context: [/workspace/source] 
[36mINFO[0m[0000] COPY . .                                     
[36mINFO[0m[0000] Taking snapshot of files...                  
[36mINFO[0m[0000] CMD ["npm", "start"]                         
[36mINFO[0m[0000] No files changed in this command, skipping snapshotting. 
2020/03/25 17:53:26 pushed blob: sha256:9aa4b3909117774f379053e9472b2b639db5b8e76b2e01def2acf233693cbd78
2020/03/25 17:53:26 pushed blob: sha256:b111f938f30ded62f32de1df5cae642137fcde05ac554cbfcce0b0331d2d798f
2020/03/25 17:53:26 pushed blob: sha256:7d083412657baa2dafba8d093034ef26f9ed2c90fb6ed95f76bb55aff03ed429
2020/03/25 17:53:26 pushed blob: sha256:196b8e3c919d5639193ba6c6e54774528942041bbc37606631a2250502985c3c
2020/03/25 17:53:27 pushed blob: sha256:3056a209a0120ef8f9b7b79c4056ce2378c89a2ca25a8c71b7458951a99f1c9d
2020/03/25 17:53:27 pushed blob: sha256:e01bd28a434b56ffd2a3fe9aa99b9b69aecca69904843edd30b1ee7150d79904
2020/03/25 17:53:28 pushed blob: sha256:5bba3ecb4cd6374a19da45f2a3db0a9c0804984358b3bb4b666c28944016e5ff
2020/03/25 17:53:29 pushed blob: sha256:a88538b9cd05cfa611e43a25582a95ad7879f6fa708b0386a26b71ee62235bb3
2020/03/25 17:53:29 296178596335.dkr.ecr.us-east-1.amazonaws.com/cb-kubecd/bdd-nh-1585156717:0.0.1: digest: sha256:fae4156f6cda72976cc26a97d40cb72f8b38e4ce8f06bda88ab085397b32c403 size: 1404

Showing logs for build [32mcb-kubecd-bdd-nh-1585156717-mas-f7qm5-1[0m stage [32mfrom-build-pack[0m and container [32mstep-build-post-build[0m
no CVE provider running in the current ** namespace so skip adding image to be analysed

Showing logs for build [32mcb-kubecd-bdd-nh-1585156717-mas-f7qm5-1[0m stage [32mfrom-build-pack[0m and container [32mstep-promote-changelog[0m
Converted /workspace/source/charts/bdd-nh-1585156717 to an unshallow repository
Generating change log from git ref 6ec37e5baf599a4346f1e4b130de9401324fac43 => 4ef4ac8f9d8095e8d52d04442daf0a06d6b13cd2
Associating user x-0 in users.jenkins.io with email c**d-bot@cloudbees.com to git GitProvider user with login -0 as emails match
Adding label jenkins.io/git-github-userid=-0 to user x-0 in users.jenkins.io
WARNING: Failed to enrich commit d9080a56a94006ce8748a208434c16a884bc518c with issues: User.jenkins.io "x-0" is invalid: metadata.labels: Invalid value: "-0": a valid label must be an empty string or consist of alphanumeric characters, '-', '_' or '.', and must start and end with an alphanumeric character (e.g. 'MyValue',  or 'my_value',  or '12345', regex used for validation is '(([A-Za-z0-9][-A-Za-z0-9_.]*)?[A-Za-z0-9])?')
Associating user x-0 in users.jenkins.io with email c**d-bot@cloudbees.com to git GitProvider user with login -0 as emails match
Adding label jenkins.io/git-github-userid=-0 to user x-0 in users.jenkins.io
WARNING: Failed to enrich commit d9080a56a94006ce8748a208434c16a884bc518c with issues: User.jenkins.io "x-0" is invalid: metadata.labels: Invalid value: "-0": a valid label must be an empty string or consist of alphanumeric characters, '-', '_' or '.', and must start and end with an alphanumeric character (e.g. 'MyValue',  or 'my_value',  or '12345', regex used for validation is '(([A-Za-z0-9][-A-Za-z0-9_.]*)?[A-Za-z0-9])?')
Finding issues in commit messages using git format
WARNING: No release found for cb-kubecd/bdd-nh-1585156717 and tag v0.0.1 so creating a new release
Updated the release information at https://github.com/cb-kubecd/bdd-nh-1585156717/releases/tag/v0.0.1
generated: /workspace/source/charts/bdd-nh-1585156717/templates/release.yaml
Created Release bdd-nh-1585156717-0-0-1 resource in namespace **
Updating PipelineActivity cb-kubecd-bdd-nh-1585156717-master-1 with version 0.0.1
Updated PipelineActivities cb-kubecd-bdd-nh-1585156717-master-1 with release notes URL: https://github.com/cb-kubecd/bdd-nh-1585156717/releases/tag/v0.0.1

Showing logs for build [32mcb-kubecd-bdd-nh-1585156717-mas-f7qm5-1[0m stage [32mfrom-build-pack[0m and container [32mstep-promote-helm-release[0m
WARNING: No $CHART_REPOSITORY defined so using the default value of: http://jenkins-x-chartmuseum:8080
Adding missing Helm repo: storage.googleapis.com https://storage.googleapis.com/chartmuseum.jenkins-x.io
WARNING: No secrets found on "helm/repos" due: reading the secret "helm/repos" from vault: no secret "helm/repos" not found in vault
Read credentials for https://storage.googleapis.com/chartmuseum.jenkins-x.io from vault helm/repos
Successfully added Helm repository storage.googleapis.com.
Adding missing Helm repo: jenkins-x-chartmuseum http://jenkins-x-chartmuseum:8080
WARNING: No secrets found on "helm/repos" due: reading the secret "helm/repos" from vault: no secret "helm/repos" not found in vault
Read credentials for http://jenkins-x-chartmuseum:8080 from vault helm/repos
Successfully added Helm repository jenkins-x-chartmuseum.
WARNING: No $CHART_REPOSITORY defined so using the default value of: http://jenkins-x-chartmuseum:8080
Uploading chart file bdd-nh-1585156717-0.0.1.tgz to http://jenkins-x-chartmuseum:8080/api/charts
Received 201 response: {"saved":true}

Showing logs for build [32mcb-kubecd-bdd-nh-1585156717-mas-f7qm5-1[0m stage [32mfrom-build-pack[0m and container [32mstep-promote-jx-promote[0m
WARNING: prow based install so skip waiting for the merge of Pull Requests to go green as currently there is an issue with gettingstatuses from the PR, see https://github.com/jenkins-x/**/issues/2410
WARNING: No $CHART_REPOSITORY defined so using the default value of: http://jenkins-x-chartmuseum:8080
Promoting app bdd-nh-1585156717 version 0.0.1 to namespace **-staging
WARNING: 
Created Pull Request: https://github.com/cb-kubecd/environment-pr-187-225-boot-eks-staging/pull/3
Added label updatebot to Pull Request https://github.com/cb-kubecd/environment-pr-187-225-boot-eks-staging/pull/3
got git provider status pending from PR https://github.com/cb-kubecd/environment-pr-187-225-boot-eks-staging/pull/3
got git provider status pending from PR https://github.com/cb-kubecd/environment-pr-187-225-boot-eks-staging/pull/3
got git provider status pending from PR https://github.com/cb-kubecd/environment-pr-187-225-boot-eks-staging/pull/3
got git provider status pending from PR https://github.com/cb-kubecd/environment-pr-187-225-boot-eks-staging/pull/3
got git provider status pending from PR https://github.com/cb-kubecd/environment-pr-187-225-boot-eks-staging/pull/3
WARNING: Failed to merge the Pull Request https://github.com/cb-kubecd/environment-pr-187-225-boot-eks-staging/pull/3 due to PUT https://api.github.com/repos/cb-kubecd/environment-pr-187-225-boot-eks-staging/pulls/3/merge: 405 Base branch was modified. Review and try the merge again. [] maybe I don't have karma?
Pull Request https://github.com/cb-kubecd/environment-pr-187-225-boot-eks-staging/pull/3 is merged at sha 69cafe361cd623d25e7ff3b8d8f4227f85a4d672
Pull Request merged but we are not waiting for the update pipeline to complete!
Waiting for KV secrets engine to be ready for write...
WARNING: Could not find the service URL in namespace **-staging for names bdd-nh-1585156717, **-bdd-nh-1585156717, **-staging-bdd-nh-1585156717
